<?xml version="1.0" encoding="UTF-8"?>
<!-- Generated by org.testng.reporters.JUnitReportReporter -->
<testsuite hostname="LAPTOP-Q7PGT4PP" failures="0" tests="1" name="Module1_Login_Test.KiteLoginTest" time="3.750" errors="0" timestamp="2022-09-08T11:53:09 IST" skipped="0">
  <testcase classname="Module1_Login_Test.KiteLoginTest" name="VerifyUserID" time="3.750"/>
  <system-out/>
</testsuite> <!-- Module1_Login_Test.KiteLoginTest -->
